Flow report for Erlend
Sun Jun  1 15:49:41 2025
Quartus Prime Version 23.1std.1 Build 993 05/14/2024 SC Lite Edition


---------------------
; Table of Contents ;
---------------------
  1. Legal Notice
  2. Flow Summary
  3. Flow Settings
  4. Flow Non-Default Global Settings
  5. Flow Elapsed Time
  6. Flow OS Summary
  7. Flow Log
  8. Flow Messages
  9. Flow Suppressed Messages



----------------
; Legal Notice ;
----------------
Copyright (C) 2024  Intel Corporation. All rights reserved.
Your use of Intel Corporation's design tools, logic functions 
and other software and tools, and any partner logic 
functions, and any output files from any of the foregoing 
(including device programming or simulation files), and any 
associated documentation or information are expressly subject 
to the terms and conditions of the Intel Program License 
Subscription Agreement, the Intel Quartus Prime License Agreement,
the Intel FPGA IP License Agreement, or other applicable license
agreement, including, without limitation, that your use is for
the sole purpose of programming logic devices manufactured by
Intel and sold by Intel or its authorized distributors.  Please
refer to the applicable agreement for further details, at
https://fpgasoftware.intel.com/eula.



+-------------------------------------------------------------------------------------+
; Flow Summary                                                                        ;
+------------------------------------+------------------------------------------------+
; Flow Status                        ; Successful - Sun Jun  1 15:49:41 2025          ;
; Quartus Prime Version              ; 23.1std.1 Build 993 05/14/2024 SC Lite Edition ;
; Revision Name                      ; Erlend                                         ;
; Top-level Entity Name              ; Oblig3_TOP                                     ;
; Family                             ; Cyclone IV E                                   ;
; Device                             ; EP4CE115F29C7                                  ;
; Timing Models                      ; Final                                          ;
; Total logic elements               ; 2,577 / 114,480 ( 2 % )                        ;
;     Total combinational functions  ; 2,301 / 114,480 ( 2 % )                        ;
;     Dedicated logic registers      ; 1,349 / 114,480 ( 1 % )                        ;
; Total registers                    ; 1349                                           ;
; Total pins                         ; 37 / 529 ( 7 % )                               ;
; Total virtual pins                 ; 0                                              ;
; Total memory bits                  ; 2,108,416 / 3,981,312 ( 53 % )                 ;
; Embedded Multiplier 9-bit elements ; 0 / 532 ( 0 % )                                ;
; Total PLLs                         ; 0 / 4 ( 0 % )                                  ;
+------------------------------------+------------------------------------------------+


+-----------------------------------------+
; Flow Settings                           ;
+-------------------+---------------------+
; Option            ; Setting             ;
+-------------------+---------------------+
; Start date & time ; 06/01/2025 15:48:46 ;
; Main task         ; Compilation         ;
; Revision Name     ; Erlend              ;
+-------------------+---------------------+


+------------------------------------------------------------------------------------------------------------------------------------------------------------------+
; Flow Non-Default Global Settings                                                                                                                                 ;
+-------------------------------------+----------------------------------------------------------+---------------+-------------+-----------------------------------+
; Assignment Name                     ; Value                                                    ; Default Value ; Entity Name ; Section Id                        ;
+-------------------------------------+----------------------------------------------------------+---------------+-------------+-----------------------------------+
; COMPILER_SIGNATURE_ID               ; 91760443268.174878572505392                              ; --            ; --          ; --                                ;
; EDA_GENERATE_FUNCTIONAL_NETLIST     ; Off                                                      ; --            ; --          ; eda_board_design_timing           ;
; EDA_GENERATE_FUNCTIONAL_NETLIST     ; Off                                                      ; --            ; --          ; eda_board_design_boundary_scan    ;
; EDA_GENERATE_FUNCTIONAL_NETLIST     ; Off                                                      ; --            ; --          ; eda_board_design_signal_integrity ;
; EDA_GENERATE_FUNCTIONAL_NETLIST     ; Off                                                      ; --            ; --          ; eda_board_design_symbol           ;
; EDA_OUTPUT_DATA_FORMAT              ; Vhdl                                                     ; --            ; --          ; eda_simulation                    ;
; EDA_SIMULATION_TOOL                 ; Questa Intel FPGA (VHDL)                                 ; <None>        ; --          ; --                                ;
; EDA_TIME_SCALE                      ; 1 ps                                                     ; --            ; --          ; eda_simulation                    ;
; MAX_CORE_JUNCTION_TEMP              ; 85                                                       ; --            ; --          ; --                                ;
; MIN_CORE_JUNCTION_TEMP              ; 0                                                        ; --            ; --          ; --                                ;
; MISC_FILE                           ; my_MCU/synthesis/../my_MCU.cmp                           ; --            ; --          ; --                                ;
; MISC_FILE                           ; my_MCU/synthesis/../../my_MCU.qsys                       ; --            ; --          ; --                                ;
; NOMINAL_CORE_SUPPLY_VOLTAGE         ; 1.2V                                                     ; --            ; --          ; --                                ;
; PARTITION_COLOR                     ; -- (Not supported for targeted family)                   ; --            ; Oblig3_TOP  ; Top                               ;
; PARTITION_FITTER_PRESERVATION_LEVEL ; -- (Not supported for targeted family)                   ; --            ; Oblig3_TOP  ; Top                               ;
; PARTITION_NETLIST_TYPE              ; -- (Not supported for targeted family)                   ; --            ; Oblig3_TOP  ; Top                               ;
; POWER_BOARD_THERMAL_MODEL           ; None (CONSERVATIVE)                                      ; --            ; --          ; --                                ;
; POWER_PRESET_COOLING_SOLUTION       ; 23 MM HEAT SINK WITH 200 LFPM AIRFLOW                    ; --            ; --          ; --                                ;
; PROJECT_OUTPUT_DIRECTORY            ; output_files                                             ; --            ; --          ; --                                ;
; SLD_FILE                            ; my_MCU/synthesis/my_MCU.regmap                           ; --            ; --          ; --                                ;
; SLD_FILE                            ; my_MCU/synthesis/my_MCU.debuginfo                        ; --            ; --          ; --                                ;
; SLD_INFO                            ; QSYS_NAME my_MCU HAS_SOPCINFO 1 GENERATION_ID 1748785508 ; --            ; my_MCU      ; --                                ;
; SOPCINFO_FILE                       ; my_MCU/synthesis/../../my_MCU.sopcinfo                   ; --            ; --          ; --                                ;
; SYNTHESIS_ONLY_QIP                  ; On                                                       ; --            ; --          ; --                                ;
; TOP_LEVEL_ENTITY                    ; Oblig3_TOP                                               ; Erlend        ; --          ; --                                ;
+-------------------------------------+----------------------------------------------------------+---------------+-------------+-----------------------------------+


+--------------------------------------------------------------------------------------------------------------------------+
; Flow Elapsed Time                                                                                                        ;
+----------------------+--------------+-------------------------+---------------------+------------------------------------+
; Module Name          ; Elapsed Time ; Average Processors Used ; Peak Virtual Memory ; Total CPU Time (on all processors) ;
+----------------------+--------------+-------------------------+---------------------+------------------------------------+
; Analysis & Synthesis ; 00:00:24     ; 1.0                     ; 5038 MB             ; 00:00:42                           ;
; Fitter               ; 00:00:17     ; 1.2                     ; 6865 MB             ; 00:00:31                           ;
; Assembler            ; 00:00:03     ; 1.0                     ; 5011 MB             ; 00:00:03                           ;
; Timing Analyzer      ; 00:00:03     ; 1.6                     ; 5079 MB             ; 00:00:04                           ;
; EDA Netlist Writer   ; 00:00:01     ; 1.0                     ; 4712 MB             ; 00:00:01                           ;
; Total                ; 00:00:48     ; --                      ; --                  ; 00:01:21                           ;
+----------------------+--------------+-------------------------+---------------------+------------------------------------+


+------------------------------------------------------------------------------------+
; Flow OS Summary                                                                    ;
+----------------------+------------------+------------+------------+----------------+
; Module Name          ; Machine Hostname ; OS Name    ; OS Version ; Processor type ;
+----------------------+------------------+------------+------------+----------------+
; Analysis & Synthesis ; isbusters_comp   ; Windows 10 ; 10.0       ; x86_64         ;
; Fitter               ; isbusters_comp   ; Windows 10 ; 10.0       ; x86_64         ;
; Assembler            ; isbusters_comp   ; Windows 10 ; 10.0       ; x86_64         ;
; Timing Analyzer      ; isbusters_comp   ; Windows 10 ; 10.0       ; x86_64         ;
; EDA Netlist Writer   ; isbusters_comp   ; Windows 10 ; 10.0       ; x86_64         ;
+----------------------+------------------+------------+------------+----------------+


------------
; Flow Log ;
------------
quartus_map --read_settings_files=on --write_settings_files=off Erlend -c Erlend
quartus_fit --read_settings_files=off --write_settings_files=off Erlend -c Erlend
quartus_asm --read_settings_files=off --write_settings_files=off Erlend -c Erlend
quartus_sta Erlend -c Erlend
quartus_eda --read_settings_files=off --write_settings_files=off Erlend -c Erlend



