Analysis & Synthesis report for vga_adapter
Thu Jan 22 14:50:45 2026
Quartus Prime Version 24.1std.0 Build 1077 03/04/2025 SC Lite Edition


---------------------
; Table of Contents ;
---------------------
  1. Legal Notice
  2. Analysis & Synthesis Summary
  3. Analysis & Synthesis Settings
  4. Parallel Compilation
  5. Analysis & Synthesis Source Files Read
  6. Analysis & Synthesis Resource Usage Summary
  7. Analysis & Synthesis Resource Utilization by Entity
  8. State Machine - |vga_adapter|v_state
  9. State Machine - |vga_adapter|h_state
 10. Registers Removed During Synthesis
 11. General Register Statistics
 12. Inverted Register Statistics
 13. Multiplexer Restructuring Statistics (Restructuring Performed)
 14. Parameter Settings for User Entity Instance: Top-level Entity: |vga_adapter
 15. Post-Synthesis Netlist Statistics for Top Partition
 16. Elapsed Time Per Partition
 17. Analysis & Synthesis Messages



----------------
; Legal Notice ;
----------------
Copyright (C) 2025  Altera Corporation. All rights reserved.
Your use of Altera Corporation's design tools, logic functions 
and other software and tools, and any partner logic 
functions, and any output files from any of the foregoing 
(including device programming or simulation files), and any 
associated documentation or information are expressly subject 
to the terms and conditions of the Altera Program License 
Subscription Agreement, the Altera Quartus Prime License Agreement,
the Altera IP License Agreement, or other applicable license
agreement, including, without limitation, that your use is for
the sole purpose of programming logic devices manufactured by
Altera and sold by Altera or its authorized distributors.  Please
refer to the Altera Software License Subscription Agreements 
on the Quartus Prime software download page.



+--------------------------------------------------------------------------------------+
; Analysis & Synthesis Summary                                                         ;
+------------------------------------+-------------------------------------------------+
; Analysis & Synthesis Status        ; Successful - Thu Jan 22 14:50:45 2026           ;
; Quartus Prime Version              ; 24.1std.0 Build 1077 03/04/2025 SC Lite Edition ;
; Revision Name                      ; vga_adapter                                     ;
; Top-level Entity Name              ; vga_adapter                                     ;
; Family                             ; Cyclone IV E                                    ;
; Total logic elements               ; 101                                             ;
;     Total combinational functions  ; 101                                             ;
;     Dedicated logic registers      ; 52                                              ;
; Total registers                    ; 52                                              ;
; Total pins                         ; 70                                              ;
; Total virtual pins                 ; 0                                               ;
; Total memory bits                  ; 0                                               ;
; Embedded Multiplier 9-bit elements ; 0                                               ;
; Total PLLs                         ; 0                                               ;
+------------------------------------+-------------------------------------------------+


+------------------------------------------------------------------------------------------------------------+
; Analysis & Synthesis Settings                                                                              ;
+------------------------------------------------------------------+--------------------+--------------------+
; Option                                                           ; Setting            ; Default Value      ;
+------------------------------------------------------------------+--------------------+--------------------+
; Device                                                           ; EP4CE115F29C7      ;                    ;
; Top-level entity name                                            ; vga_adapter        ; vga_adapter        ;
; Family name                                                      ; Cyclone IV E       ; Cyclone V          ;
; Use smart compilation                                            ; Off                ; Off                ;
; Enable parallel Assembler and Timing Analyzer during compilation ; On                 ; On                 ;
; Enable compact report table                                      ; Off                ; Off                ;
; Restructure Multiplexers                                         ; Auto               ; Auto               ;
; Create Debugging Nodes for IP Cores                              ; Off                ; Off                ;
; Preserve fewer node names                                        ; On                 ; On                 ;
; Intel FPGA IP Evaluation Mode                                    ; Enable             ; Enable             ;
; Verilog Version                                                  ; Verilog_2001       ; Verilog_2001       ;
; VHDL Version                                                     ; VHDL_1993          ; VHDL_1993          ;
; State Machine Processing                                         ; Auto               ; Auto               ;
; Safe State Machine                                               ; Off                ; Off                ;
; Extract Verilog State Machines                                   ; On                 ; On                 ;
; Extract VHDL State Machines                                      ; On                 ; On                 ;
; Ignore Verilog initial constructs                                ; Off                ; Off                ;
; Iteration limit for constant Verilog loops                       ; 5000               ; 5000               ;
; Iteration limit for non-constant Verilog loops                   ; 250                ; 250                ;
; Add Pass-Through Logic to Inferred RAMs                          ; On                 ; On                 ;
; Infer RAMs from Raw Logic                                        ; On                 ; On                 ;
; Parallel Synthesis                                               ; On                 ; On                 ;
; DSP Block Balancing                                              ; Auto               ; Auto               ;
; NOT Gate Push-Back                                               ; On                 ; On                 ;
; Power-Up Don't Care                                              ; On                 ; On                 ;
; Remove Redundant Logic Cells                                     ; Off                ; Off                ;
; Remove Duplicate Registers                                       ; On                 ; On                 ;
; Ignore CARRY Buffers                                             ; Off                ; Off                ;
; Ignore CASCADE Buffers                                           ; Off                ; Off                ;
; Ignore GLOBAL Buffers                                            ; Off                ; Off                ;
; Ignore ROW GLOBAL Buffers                                        ; Off                ; Off                ;
; Ignore LCELL Buffers                                             ; Off                ; Off                ;
; Ignore SOFT Buffers                                              ; On                 ; On                 ;
; Limit AHDL Integers to 32 Bits                                   ; Off                ; Off                ;
; Optimization Technique                                           ; Balanced           ; Balanced           ;
; Carry Chain Length                                               ; 70                 ; 70                 ;
; Auto Carry Chains                                                ; On                 ; On                 ;
; Auto Open-Drain Pins                                             ; On                 ; On                 ;
; Perform WYSIWYG Primitive Resynthesis                            ; Off                ; Off                ;
; Auto ROM Replacement                                             ; On                 ; On                 ;
; Auto RAM Replacement                                             ; On                 ; On                 ;
; Auto DSP Block Replacement                                       ; On                 ; On                 ;
; Auto Shift Register Replacement                                  ; Auto               ; Auto               ;
; Allow Shift Register Merging across Hierarchies                  ; Auto               ; Auto               ;
; Auto Clock Enable Replacement                                    ; On                 ; On                 ;
; Strict RAM Replacement                                           ; Off                ; Off                ;
; Allow Synchronous Control Signals                                ; On                 ; On                 ;
; Force Use of Synchronous Clear Signals                           ; Off                ; Off                ;
; Auto RAM Block Balancing                                         ; On                 ; On                 ;
; Auto RAM to Logic Cell Conversion                                ; Off                ; Off                ;
; Auto Resource Sharing                                            ; Off                ; Off                ;
; Allow Any RAM Size For Recognition                               ; Off                ; Off                ;
; Allow Any ROM Size For Recognition                               ; Off                ; Off                ;
; Allow Any Shift Register Size For Recognition                    ; Off                ; Off                ;
; Use LogicLock Constraints during Resource Balancing              ; On                 ; On                 ;
; Ignore translate_off and synthesis_off directives                ; Off                ; Off                ;
; Timing-Driven Synthesis                                          ; On                 ; On                 ;
; Report Parameter Settings                                        ; On                 ; On                 ;
; Report Source Assignments                                        ; On                 ; On                 ;
; Report Connectivity Checks                                       ; On                 ; On                 ;
; Ignore Maximum Fan-Out Assignments                               ; Off                ; Off                ;
; Synchronization Register Chain Length                            ; 2                  ; 2                  ;
; Power Optimization During Synthesis                              ; Normal compilation ; Normal compilation ;
; HDL message level                                                ; Level2             ; Level2             ;
; Suppress Register Optimization Related Messages                  ; Off                ; Off                ;
; Number of Removed Registers Reported in Synthesis Report         ; 5000               ; 5000               ;
; Number of Swept Nodes Reported in Synthesis Report               ; 5000               ; 5000               ;
; Number of Inverted Registers Reported in Synthesis Report        ; 100                ; 100                ;
; Clock MUX Protection                                             ; On                 ; On                 ;
; Auto Gated Clock Conversion                                      ; Off                ; Off                ;
; Block Design Naming                                              ; Auto               ; Auto               ;
; SDC constraint protection                                        ; Off                ; Off                ;
; Synthesis Effort                                                 ; Auto               ; Auto               ;
; Shift Register Replacement - Allow Asynchronous Clear Signal     ; On                 ; On                 ;
; Pre-Mapping Resynthesis Optimization                             ; Off                ; Off                ;
; Analysis & Synthesis Message Level                               ; Medium             ; Medium             ;
; Disable Register Merging Across Hierarchies                      ; Auto               ; Auto               ;
; Resource Aware Inference For Block RAM                           ; On                 ; On                 ;
+------------------------------------------------------------------+--------------------+--------------------+


+------------------------------------------+
; Parallel Compilation                     ;
+----------------------------+-------------+
; Processors                 ; Number      ;
+----------------------------+-------------+
; Number detected on machine ; 16          ;
; Maximum allowed            ; 16          ;
;                            ;             ;
; Average used               ; 1.00        ;
; Maximum used               ; 16          ;
;                            ;             ;
; Usage by Processor         ; % Time Used ;
;     Processor 1            ; 100.0%      ;
;     Processors 2-16        ;   0.0%      ;
+----------------------------+-------------+


+---------------------------------------------------------------------------------------------------------------------------------------------------+
; Analysis & Synthesis Source Files Read                                                                                                            ;
+----------------------------------+-----------------+-----------------+------------------------------------------------------------------+---------+
; File Name with User-Entered Path ; Used in Netlist ; File Type       ; File Name with Absolute Path                                     ; Library ;
+----------------------------------+-----------------+-----------------+------------------------------------------------------------------+---------+
; vga_adapter.vhd                  ; yes             ; User VHDL File  ; /home/kaladin/Dokumenter/Koding/fpga/vga_adapter/vga_adapter.vhd ;         ;
+----------------------------------+-----------------+-----------------+------------------------------------------------------------------+---------+


+---------------------------------------------------------------+
; Analysis & Synthesis Resource Usage Summary                   ;
+---------------------------------------------+-----------------+
; Resource                                    ; Usage           ;
+---------------------------------------------+-----------------+
; Estimated Total logic elements              ; 101             ;
;                                             ;                 ;
; Total combinational functions               ; 101             ;
; Logic element usage by number of LUT inputs ;                 ;
;     -- 4 input functions                    ; 35              ;
;     -- 3 input functions                    ; 19              ;
;     -- <=2 input functions                  ; 47              ;
;                                             ;                 ;
; Logic elements by mode                      ;                 ;
;     -- normal mode                          ; 83              ;
;     -- arithmetic mode                      ; 18              ;
;                                             ;                 ;
; Total registers                             ; 52              ;
;     -- Dedicated logic registers            ; 52              ;
;     -- I/O registers                        ; 0               ;
;                                             ;                 ;
; I/O pins                                    ; 70              ;
;                                             ;                 ;
; Embedded Multiplier 9-bit elements          ; 0               ;
;                                             ;                 ;
; Maximum fan-out node                        ; pixel_clk~input ;
; Maximum fan-out                             ; 52              ;
; Total fan-out                               ; 525             ;
; Average fan-out                             ; 1.79            ;
+---------------------------------------------+-----------------+


+----------------------------------------------------------------------------------------------------------------------------------------------------------------------------------------------------------+
; Analysis & Synthesis Resource Utilization by Entity                                                                                                                                                      ;
+----------------------------+---------------------+---------------------------+-------------+--------------+---------+-----------+------+--------------+---------------------+-------------+--------------+
; Compilation Hierarchy Node ; Combinational ALUTs ; Dedicated Logic Registers ; Memory Bits ; DSP Elements ; DSP 9x9 ; DSP 18x18 ; Pins ; Virtual Pins ; Full Hierarchy Name ; Entity Name ; Library Name ;
+----------------------------+---------------------+---------------------------+-------------+--------------+---------+-----------+------+--------------+---------------------+-------------+--------------+
; |vga_adapter               ; 101 (101)           ; 52 (52)                   ; 0           ; 0            ; 0       ; 0         ; 70   ; 0            ; |vga_adapter        ; vga_adapter ; work         ;
+----------------------------+---------------------+---------------------------+-------------+--------------+---------+-----------+------+--------------+---------------------+-------------+--------------+
Note: For table entries with two numbers listed, the numbers in parentheses indicate the number of resources of the given type used by the specific entity alone. The numbers listed outside of parentheses indicate the total resources of the given type used by the specific entity and all of its sub-entities in the hierarchy.


Encoding Type:  One-Hot
+-------------------------------------------------------------------------------------------------------+
; State Machine - |vga_adapter|v_state                                                                  ;
+---------------------+--------------------+--------------------+---------------------+-----------------+
; Name                ; v_state.BACK_PORCH ; v_state.SYNC_PULSE ; v_state.FRONT_PORCH ; v_state.DISPLAY ;
+---------------------+--------------------+--------------------+---------------------+-----------------+
; v_state.DISPLAY     ; 0                  ; 0                  ; 0                   ; 0               ;
; v_state.FRONT_PORCH ; 0                  ; 0                  ; 1                   ; 1               ;
; v_state.SYNC_PULSE  ; 0                  ; 1                  ; 0                   ; 1               ;
; v_state.BACK_PORCH  ; 1                  ; 0                  ; 0                   ; 1               ;
+---------------------+--------------------+--------------------+---------------------+-----------------+


Encoding Type:  One-Hot
+-------------------------------------------------------------------------------------------------------+
; State Machine - |vga_adapter|h_state                                                                  ;
+---------------------+--------------------+--------------------+---------------------+-----------------+
; Name                ; h_state.BACK_PORCH ; h_state.SYNC_PULSE ; h_state.FRONT_PORCH ; h_state.DISPLAY ;
+---------------------+--------------------+--------------------+---------------------+-----------------+
; h_state.DISPLAY     ; 0                  ; 0                  ; 0                   ; 0               ;
; h_state.FRONT_PORCH ; 0                  ; 0                  ; 1                   ; 1               ;
; h_state.SYNC_PULSE  ; 0                  ; 1                  ; 0                   ; 1               ;
; h_state.BACK_PORCH  ; 1                  ; 0                  ; 0                   ; 1               ;
+---------------------+--------------------+--------------------+---------------------+-----------------+


+---------------------------------------------------------------------------------+
; Registers Removed During Synthesis                                              ;
+----------------------------------------+----------------------------------------+
; Register name                          ; Reason for Removal                     ;
+----------------------------------------+----------------------------------------+
; column[11]~reg0                        ; Merged with column[10]~reg0            ;
; column[12]~reg0                        ; Merged with column[10]~reg0            ;
; column[13]~reg0                        ; Merged with column[10]~reg0            ;
; column[14]~reg0                        ; Merged with column[10]~reg0            ;
; column[15]~reg0                        ; Merged with column[10]~reg0            ;
; column[16]~reg0                        ; Merged with column[10]~reg0            ;
; column[17]~reg0                        ; Merged with column[10]~reg0            ;
; column[18]~reg0                        ; Merged with column[10]~reg0            ;
; column[19]~reg0                        ; Merged with column[10]~reg0            ;
; column[20]~reg0                        ; Merged with column[10]~reg0            ;
; column[21]~reg0                        ; Merged with column[10]~reg0            ;
; column[22]~reg0                        ; Merged with column[10]~reg0            ;
; column[23]~reg0                        ; Merged with column[10]~reg0            ;
; column[24]~reg0                        ; Merged with column[10]~reg0            ;
; column[25]~reg0                        ; Merged with column[10]~reg0            ;
; column[26]~reg0                        ; Merged with column[10]~reg0            ;
; column[27]~reg0                        ; Merged with column[10]~reg0            ;
; column[28]~reg0                        ; Merged with column[10]~reg0            ;
; column[29]~reg0                        ; Merged with column[10]~reg0            ;
; column[30]~reg0                        ; Merged with column[10]~reg0            ;
; row[11]~reg0                           ; Merged with row[10]~reg0               ;
; row[12]~reg0                           ; Merged with row[10]~reg0               ;
; row[13]~reg0                           ; Merged with row[10]~reg0               ;
; row[14]~reg0                           ; Merged with row[10]~reg0               ;
; row[15]~reg0                           ; Merged with row[10]~reg0               ;
; row[16]~reg0                           ; Merged with row[10]~reg0               ;
; row[17]~reg0                           ; Merged with row[10]~reg0               ;
; row[18]~reg0                           ; Merged with row[10]~reg0               ;
; row[19]~reg0                           ; Merged with row[10]~reg0               ;
; row[20]~reg0                           ; Merged with row[10]~reg0               ;
; row[21]~reg0                           ; Merged with row[10]~reg0               ;
; row[22]~reg0                           ; Merged with row[10]~reg0               ;
; row[23]~reg0                           ; Merged with row[10]~reg0               ;
; row[24]~reg0                           ; Merged with row[10]~reg0               ;
; row[25]~reg0                           ; Merged with row[10]~reg0               ;
; row[26]~reg0                           ; Merged with row[10]~reg0               ;
; row[27]~reg0                           ; Merged with row[10]~reg0               ;
; row[28]~reg0                           ; Merged with row[10]~reg0               ;
; row[29]~reg0                           ; Merged with row[10]~reg0               ;
; row[30]~reg0                           ; Merged with row[10]~reg0               ;
; row[10]~reg0                           ; Stuck at GND due to stuck port data_in ;
; column[10]~reg0                        ; Stuck at GND due to stuck port data_in ;
; Total Number of Removed Registers = 42 ;                                        ;
+----------------------------------------+----------------------------------------+


+------------------------------------------------------+
; General Register Statistics                          ;
+----------------------------------------------+-------+
; Statistic                                    ; Value ;
+----------------------------------------------+-------+
; Total registers                              ; 52    ;
; Number of registers using Synchronous Clear  ; 10    ;
; Number of registers using Synchronous Load   ; 2     ;
; Number of registers using Asynchronous Clear ; 0     ;
; Number of registers using Asynchronous Load  ; 0     ;
; Number of registers using Clock Enable       ; 26    ;
; Number of registers using Preset             ; 0     ;
+----------------------------------------------+-------+


+--------------------------------------------------+
; Inverted Register Statistics                     ;
+----------------------------------------+---------+
; Inverted Register                      ; Fan out ;
+----------------------------------------+---------+
; column[0]~reg0                         ; 2       ;
; column[31]~reg0                        ; 2       ;
; row[0]~reg0                            ; 2       ;
; row[31]~reg0                           ; 2       ;
; Total number of inverted registers = 4 ;         ;
+----------------------------------------+---------+


+-------------------------------------------------------------------------------------------------------------------------------------------+
; Multiplexer Restructuring Statistics (Restructuring Performed)                                                                            ;
+--------------------+-----------+---------------+----------------------+------------------------+------------+-----------------------------+
; Multiplexer Inputs ; Bus Width ; Baseline Area ; Area if Restructured ; Saving if Restructured ; Registered ; Example Multiplexer Output  ;
+--------------------+-----------+---------------+----------------------+------------------------+------------+-----------------------------+
; 3:1                ; 9 bits    ; 18 LEs        ; 9 LEs                ; 9 LEs                  ; Yes        ; |vga_adapter|row[8]~reg0    ;
; 3:1                ; 9 bits    ; 18 LEs        ; 9 LEs                ; 9 LEs                  ; Yes        ; |vga_adapter|column[5]~reg0 ;
; 4:1                ; 10 bits   ; 20 LEs        ; 10 LEs               ; 10 LEs                 ; Yes        ; |vga_adapter|h_counter[0]   ;
; 5:1                ; 10 bits   ; 30 LEs        ; 10 LEs               ; 20 LEs                 ; Yes        ; |vga_adapter|v_counter[0]   ;
; 9:1                ; 4 bits    ; 24 LEs        ; 16 LEs               ; 8 LEs                  ; No         ; |vga_adapter|v_state        ;
; 9:1                ; 4 bits    ; 24 LEs        ; 16 LEs               ; 8 LEs                  ; No         ; |vga_adapter|h_state        ;
+--------------------+-----------+---------------+----------------------+------------------------+------------+-----------------------------+


+-----------------------------------------------------------------------------+
; Parameter Settings for User Entity Instance: Top-level Entity: |vga_adapter ;
+----------------+-------+----------------------------------------------------+
; Parameter Name ; Value ; Type                                               ;
+----------------+-------+----------------------------------------------------+
; h_pixels       ; 480   ; Signed Integer                                     ;
; h_front_porch  ; 16    ; Signed Integer                                     ;
; h_sync_pulse   ; 96    ; Signed Integer                                     ;
; h_back_porch   ; 48    ; Signed Integer                                     ;
; h_polarity     ; '0'   ; Enumerated                                         ;
; v_pixels       ; 640   ; Signed Integer                                     ;
; v_front_porch  ; 10    ; Signed Integer                                     ;
; v_sync_pulse   ; 2     ; Signed Integer                                     ;
; v_back_porch   ; 33    ; Signed Integer                                     ;
; v_polarity     ; '0'   ; Enumerated                                         ;
+----------------+-------+----------------------------------------------------+
Note: In order to hide this table in the UI and the text report file, please set the "Show Parameter Settings in Synthesis Report" option in "Analysis and Synthesis Settings -> More Settings" to "Off".


+-----------------------------------------------------+
; Post-Synthesis Netlist Statistics for Top Partition ;
+-----------------------+-----------------------------+
; Type                  ; Count                       ;
+-----------------------+-----------------------------+
; boundary_port         ; 70                          ;
; cycloneiii_ff         ; 52                          ;
;     ENA               ; 26                          ;
;     SCLR              ; 10                          ;
;     SLD               ; 2                           ;
;     plain             ; 14                          ;
; cycloneiii_lcell_comb ; 107                         ;
;     arith             ; 18                          ;
;         2 data inputs ; 18                          ;
;     normal            ; 89                          ;
;         0 data inputs ; 2                           ;
;         1 data inputs ; 6                           ;
;         2 data inputs ; 27                          ;
;         3 data inputs ; 19                          ;
;         4 data inputs ; 35                          ;
;                       ;                             ;
; Max LUT depth         ; 5.00                        ;
; Average LUT depth     ; 2.78                        ;
+-----------------------+-----------------------------+


+-------------------------------+
; Elapsed Time Per Partition    ;
+----------------+--------------+
; Partition Name ; Elapsed Time ;
+----------------+--------------+
; Top            ; 00:00:00     ;
+----------------+--------------+


+-------------------------------+
; Analysis & Synthesis Messages ;
+-------------------------------+
Info: *******************************************************************
Info: Running Quartus Prime Analysis & Synthesis
    Info: Version 24.1std.0 Build 1077 03/04/2025 SC Lite Edition
    Info: Processing started: Thu Jan 22 14:50:40 2026
Info: Command: quartus_map --read_settings_files=on --write_settings_files=off vga_adapter -c vga_adapter
Warning (18236): Number of processors has not been specified which may cause overloading on shared machines.  Set the global assignment NUM_PARALLEL_PROCESSORS in your QSF to an appropriate value for best performance.
Info (20030): Parallel compilation is enabled and will use 16 of the 16 processors detected
Info (12021): Found 2 design units, including 1 entities, in source file vga_adapter.vhd
    Info (12022): Found design unit 1: vga_adapter-RTL File: /home/kaladin/Dokumenter/Koding/fpga/vga_adapter/vga_adapter.vhd Line: 48
    Info (12023): Found entity 1: vga_adapter File: /home/kaladin/Dokumenter/Koding/fpga/vga_adapter/vga_adapter.vhd Line: 21
Info (12127): Elaborating entity "vga_adapter" for the top level hierarchy
Warning (10036): Verilog HDL or VHDL warning at vga_adapter.vhd(59): object "display_en" assigned a value but never read File: /home/kaladin/Dokumenter/Koding/fpga/vga_adapter/vga_adapter.vhd Line: 59
Warning (13024): Output pins are stuck at VCC or GND
    Warning (13410): Pin "blank_n" is stuck at VCC File: /home/kaladin/Dokumenter/Koding/fpga/vga_adapter/vga_adapter.vhd Line: 41
    Warning (13410): Pin "sync_n" is stuck at GND File: /home/kaladin/Dokumenter/Koding/fpga/vga_adapter/vga_adapter.vhd Line: 42
    Warning (13410): Pin "column[10]" is stuck at GND File: /home/kaladin/Dokumenter/Koding/fpga/vga_adapter/vga_adapter.vhd Line: 67
    Warning (13410): Pin "column[11]" is stuck at GND File: /home/kaladin/Dokumenter/Koding/fpga/vga_adapter/vga_adapter.vhd Line: 67
    Warning (13410): Pin "column[12]" is stuck at GND File: /home/kaladin/Dokumenter/Koding/fpga/vga_adapter/vga_adapter.vhd Line: 67
    Warning (13410): Pin "column[13]" is stuck at GND File: /home/kaladin/Dokumenter/Koding/fpga/vga_adapter/vga_adapter.vhd Line: 67
    Warning (13410): Pin "column[14]" is stuck at GND File: /home/kaladin/Dokumenter/Koding/fpga/vga_adapter/vga_adapter.vhd Line: 67
    Warning (13410): Pin "column[15]" is stuck at GND File: /home/kaladin/Dokumenter/Koding/fpga/vga_adapter/vga_adapter.vhd Line: 67
    Warning (13410): Pin "column[16]" is stuck at GND File: /home/kaladin/Dokumenter/Koding/fpga/vga_adapter/vga_adapter.vhd Line: 67
    Warning (13410): Pin "column[17]" is stuck at GND File: /home/kaladin/Dokumenter/Koding/fpga/vga_adapter/vga_adapter.vhd Line: 67
    Warning (13410): Pin "column[18]" is stuck at GND File: /home/kaladin/Dokumenter/Koding/fpga/vga_adapter/vga_adapter.vhd Line: 67
    Warning (13410): Pin "column[19]" is stuck at GND File: /home/kaladin/Dokumenter/Koding/fpga/vga_adapter/vga_adapter.vhd Line: 67
    Warning (13410): Pin "column[20]" is stuck at GND File: /home/kaladin/Dokumenter/Koding/fpga/vga_adapter/vga_adapter.vhd Line: 67
    Warning (13410): Pin "column[21]" is stuck at GND File: /home/kaladin/Dokumenter/Koding/fpga/vga_adapter/vga_adapter.vhd Line: 67
    Warning (13410): Pin "column[22]" is stuck at GND File: /home/kaladin/Dokumenter/Koding/fpga/vga_adapter/vga_adapter.vhd Line: 67
    Warning (13410): Pin "column[23]" is stuck at GND File: /home/kaladin/Dokumenter/Koding/fpga/vga_adapter/vga_adapter.vhd Line: 67
    Warning (13410): Pin "column[24]" is stuck at GND File: /home/kaladin/Dokumenter/Koding/fpga/vga_adapter/vga_adapter.vhd Line: 67
    Warning (13410): Pin "column[25]" is stuck at GND File: /home/kaladin/Dokumenter/Koding/fpga/vga_adapter/vga_adapter.vhd Line: 67
    Warning (13410): Pin "column[26]" is stuck at GND File: /home/kaladin/Dokumenter/Koding/fpga/vga_adapter/vga_adapter.vhd Line: 67
    Warning (13410): Pin "column[27]" is stuck at GND File: /home/kaladin/Dokumenter/Koding/fpga/vga_adapter/vga_adapter.vhd Line: 67
    Warning (13410): Pin "column[28]" is stuck at GND File: /home/kaladin/Dokumenter/Koding/fpga/vga_adapter/vga_adapter.vhd Line: 67
    Warning (13410): Pin "column[29]" is stuck at GND File: /home/kaladin/Dokumenter/Koding/fpga/vga_adapter/vga_adapter.vhd Line: 67
    Warning (13410): Pin "column[30]" is stuck at GND File: /home/kaladin/Dokumenter/Koding/fpga/vga_adapter/vga_adapter.vhd Line: 67
    Warning (13410): Pin "row[10]" is stuck at GND File: /home/kaladin/Dokumenter/Koding/fpga/vga_adapter/vga_adapter.vhd Line: 67
    Warning (13410): Pin "row[11]" is stuck at GND File: /home/kaladin/Dokumenter/Koding/fpga/vga_adapter/vga_adapter.vhd Line: 67
    Warning (13410): Pin "row[12]" is stuck at GND File: /home/kaladin/Dokumenter/Koding/fpga/vga_adapter/vga_adapter.vhd Line: 67
    Warning (13410): Pin "row[13]" is stuck at GND File: /home/kaladin/Dokumenter/Koding/fpga/vga_adapter/vga_adapter.vhd Line: 67
    Warning (13410): Pin "row[14]" is stuck at GND File: /home/kaladin/Dokumenter/Koding/fpga/vga_adapter/vga_adapter.vhd Line: 67
    Warning (13410): Pin "row[15]" is stuck at GND File: /home/kaladin/Dokumenter/Koding/fpga/vga_adapter/vga_adapter.vhd Line: 67
    Warning (13410): Pin "row[16]" is stuck at GND File: /home/kaladin/Dokumenter/Koding/fpga/vga_adapter/vga_adapter.vhd Line: 67
    Warning (13410): Pin "row[17]" is stuck at GND File: /home/kaladin/Dokumenter/Koding/fpga/vga_adapter/vga_adapter.vhd Line: 67
    Warning (13410): Pin "row[18]" is stuck at GND File: /home/kaladin/Dokumenter/Koding/fpga/vga_adapter/vga_adapter.vhd Line: 67
    Warning (13410): Pin "row[19]" is stuck at GND File: /home/kaladin/Dokumenter/Koding/fpga/vga_adapter/vga_adapter.vhd Line: 67
    Warning (13410): Pin "row[20]" is stuck at GND File: /home/kaladin/Dokumenter/Koding/fpga/vga_adapter/vga_adapter.vhd Line: 67
    Warning (13410): Pin "row[21]" is stuck at GND File: /home/kaladin/Dokumenter/Koding/fpga/vga_adapter/vga_adapter.vhd Line: 67
    Warning (13410): Pin "row[22]" is stuck at GND File: /home/kaladin/Dokumenter/Koding/fpga/vga_adapter/vga_adapter.vhd Line: 67
    Warning (13410): Pin "row[23]" is stuck at GND File: /home/kaladin/Dokumenter/Koding/fpga/vga_adapter/vga_adapter.vhd Line: 67
    Warning (13410): Pin "row[24]" is stuck at GND File: /home/kaladin/Dokumenter/Koding/fpga/vga_adapter/vga_adapter.vhd Line: 67
    Warning (13410): Pin "row[25]" is stuck at GND File: /home/kaladin/Dokumenter/Koding/fpga/vga_adapter/vga_adapter.vhd Line: 67
    Warning (13410): Pin "row[26]" is stuck at GND File: /home/kaladin/Dokumenter/Koding/fpga/vga_adapter/vga_adapter.vhd Line: 67
    Warning (13410): Pin "row[27]" is stuck at GND File: /home/kaladin/Dokumenter/Koding/fpga/vga_adapter/vga_adapter.vhd Line: 67
    Warning (13410): Pin "row[28]" is stuck at GND File: /home/kaladin/Dokumenter/Koding/fpga/vga_adapter/vga_adapter.vhd Line: 67
    Warning (13410): Pin "row[29]" is stuck at GND File: /home/kaladin/Dokumenter/Koding/fpga/vga_adapter/vga_adapter.vhd Line: 67
    Warning (13410): Pin "row[30]" is stuck at GND File: /home/kaladin/Dokumenter/Koding/fpga/vga_adapter/vga_adapter.vhd Line: 67
Info (286030): Timing-Driven Synthesis is running
Info (16010): Generating hard_block partition "hard_block:auto_generated_inst"
    Info (16011): Adding 0 node(s), including 0 DDIO, 0 PLL, 0 transceiver and 0 LCELL
Info (21057): Implemented 171 device resources after synthesis - the final resource count might be different
    Info (21058): Implemented 2 input pins
    Info (21059): Implemented 68 output pins
    Info (21061): Implemented 101 logic cells
Info: Quartus Prime Analysis & Synthesis was successful. 0 errors, 47 warnings
    Info: Peak virtual memory: 506 megabytes
    Info: Processing ended: Thu Jan 22 14:50:45 2026
    Info: Elapsed time: 00:00:05
    Info: Total CPU time (on all processors): 00:00:14


