Analysis & Synthesis report for I2C_MASTER
Wed May  7 09:57:36 2025
Quartus Prime Version 23.1std.1 Build 993 05/14/2024 SC Lite Edition


---------------------
; Table of Contents ;
---------------------
  1. Legal Notice
  2. Analysis & Synthesis Summary
  3. Analysis & Synthesis Settings
  4. Parallel Compilation
  5. Analysis & Synthesis Source Files Read
  6. Analysis & Synthesis Resource Usage Summary
  7. Analysis & Synthesis Resource Utilization by Entity
  8. State Machine - |I2C_MASTER|PHASE
  9. State Machine - |I2C_MASTER|STATE
 10. Registers Removed During Synthesis
 11. General Register Statistics
 12. Inverted Register Statistics
 13. Multiplexer Restructuring Statistics (Restructuring Performed)
 14. Post-Synthesis Netlist Statistics for Top Partition
 15. Elapsed Time Per Partition
 16. Analysis & Synthesis Messages



----------------
; Legal Notice ;
----------------
Copyright (C) 2024  Intel Corporation. All rights reserved.
Your use of Intel Corporation's design tools, logic functions 
and other software and tools, and any partner logic 
functions, and any output files from any of the foregoing 
(including device programming or simulation files), and any 
associated documentation or information are expressly subject 
to the terms and conditions of the Intel Program License 
Subscription Agreement, the Intel Quartus Prime License Agreement,
the Intel FPGA IP License Agreement, or other applicable license
agreement, including, without limitation, that your use is for
the sole purpose of programming logic devices manufactured by
Intel and sold by Intel or its authorized distributors.  Please
refer to the applicable agreement for further details, at
https://fpgasoftware.intel.com/eula.



+-------------------------------------------------------------------------------------+
; Analysis & Synthesis Summary                                                        ;
+------------------------------------+------------------------------------------------+
; Analysis & Synthesis Status        ; Successful - Wed May  7 09:57:36 2025          ;
; Quartus Prime Version              ; 23.1std.1 Build 993 05/14/2024 SC Lite Edition ;
; Revision Name                      ; I2C_MASTER                                     ;
; Top-level Entity Name              ; I2C_MASTER                                     ;
; Family                             ; Cyclone IV E                                   ;
; Total logic elements               ; 111                                            ;
;     Total combinational functions  ; 92                                             ;
;     Dedicated logic registers      ; 60                                             ;
; Total registers                    ; 60                                             ;
; Total pins                         ; 34                                             ;
; Total virtual pins                 ; 0                                              ;
; Total memory bits                  ; 0                                              ;
; Embedded Multiplier 9-bit elements ; 0                                              ;
; Total PLLs                         ; 0                                              ;
+------------------------------------+------------------------------------------------+


+------------------------------------------------------------------------------------------------------------+
; Analysis & Synthesis Settings                                                                              ;
+------------------------------------------------------------------+--------------------+--------------------+
; Option                                                           ; Setting            ; Default Value      ;
+------------------------------------------------------------------+--------------------+--------------------+
; Device                                                           ; EP4CE115F29C7      ;                    ;
; Top-level entity name                                            ; I2C_MASTER         ; I2C_MASTER         ;
; Family name                                                      ; Cyclone IV E       ; Cyclone V          ;
; Use smart compilation                                            ; Off                ; Off                ;
; Enable parallel Assembler and Timing Analyzer during compilation ; On                 ; On                 ;
; Enable compact report table                                      ; Off                ; Off                ;
; Restructure Multiplexers                                         ; Auto               ; Auto               ;
; Create Debugging Nodes for IP Cores                              ; Off                ; Off                ;
; Preserve fewer node names                                        ; On                 ; On                 ;
; Intel FPGA IP Evaluation Mode                                    ; Enable             ; Enable             ;
; Verilog Version                                                  ; Verilog_2001       ; Verilog_2001       ;
; VHDL Version                                                     ; VHDL_1993          ; VHDL_1993          ;
; State Machine Processing                                         ; Auto               ; Auto               ;
; Safe State Machine                                               ; Off                ; Off                ;
; Extract Verilog State Machines                                   ; On                 ; On                 ;
; Extract VHDL State Machines                                      ; On                 ; On                 ;
; Ignore Verilog initial constructs                                ; Off                ; Off                ;
; Iteration limit for constant Verilog loops                       ; 5000               ; 5000               ;
; Iteration limit for non-constant Verilog loops                   ; 250                ; 250                ;
; Add Pass-Through Logic to Inferred RAMs                          ; On                 ; On                 ;
; Infer RAMs from Raw Logic                                        ; On                 ; On                 ;
; Parallel Synthesis                                               ; On                 ; On                 ;
; DSP Block Balancing                                              ; Auto               ; Auto               ;
; NOT Gate Push-Back                                               ; On                 ; On                 ;
; Power-Up Don't Care                                              ; On                 ; On                 ;
; Remove Redundant Logic Cells                                     ; Off                ; Off                ;
; Remove Duplicate Registers                                       ; On                 ; On                 ;
; Ignore CARRY Buffers                                             ; Off                ; Off                ;
; Ignore CASCADE Buffers                                           ; Off                ; Off                ;
; Ignore GLOBAL Buffers                                            ; Off                ; Off                ;
; Ignore ROW GLOBAL Buffers                                        ; Off                ; Off                ;
; Ignore LCELL Buffers                                             ; Off                ; Off                ;
; Ignore SOFT Buffers                                              ; On                 ; On                 ;
; Limit AHDL Integers to 32 Bits                                   ; Off                ; Off                ;
; Optimization Technique                                           ; Balanced           ; Balanced           ;
; Carry Chain Length                                               ; 70                 ; 70                 ;
; Auto Carry Chains                                                ; On                 ; On                 ;
; Auto Open-Drain Pins                                             ; On                 ; On                 ;
; Perform WYSIWYG Primitive Resynthesis                            ; Off                ; Off                ;
; Auto ROM Replacement                                             ; On                 ; On                 ;
; Auto RAM Replacement                                             ; On                 ; On                 ;
; Auto DSP Block Replacement                                       ; On                 ; On                 ;
; Auto Shift Register Replacement                                  ; Auto               ; Auto               ;
; Allow Shift Register Merging across Hierarchies                  ; Auto               ; Auto               ;
; Auto Clock Enable Replacement                                    ; On                 ; On                 ;
; Strict RAM Replacement                                           ; Off                ; Off                ;
; Allow Synchronous Control Signals                                ; On                 ; On                 ;
; Force Use of Synchronous Clear Signals                           ; Off                ; Off                ;
; Auto RAM Block Balancing                                         ; On                 ; On                 ;
; Auto RAM to Logic Cell Conversion                                ; Off                ; Off                ;
; Auto Resource Sharing                                            ; Off                ; Off                ;
; Allow Any RAM Size For Recognition                               ; Off                ; Off                ;
; Allow Any ROM Size For Recognition                               ; Off                ; Off                ;
; Allow Any Shift Register Size For Recognition                    ; Off                ; Off                ;
; Use LogicLock Constraints during Resource Balancing              ; On                 ; On                 ;
; Ignore translate_off and synthesis_off directives                ; Off                ; Off                ;
; Timing-Driven Synthesis                                          ; On                 ; On                 ;
; Report Parameter Settings                                        ; On                 ; On                 ;
; Report Source Assignments                                        ; On                 ; On                 ;
; Report Connectivity Checks                                       ; On                 ; On                 ;
; Ignore Maximum Fan-Out Assignments                               ; Off                ; Off                ;
; Synchronization Register Chain Length                            ; 2                  ; 2                  ;
; Power Optimization During Synthesis                              ; Normal compilation ; Normal compilation ;
; HDL message level                                                ; Level2             ; Level2             ;
; Suppress Register Optimization Related Messages                  ; Off                ; Off                ;
; Number of Removed Registers Reported in Synthesis Report         ; 5000               ; 5000               ;
; Number of Swept Nodes Reported in Synthesis Report               ; 5000               ; 5000               ;
; Number of Inverted Registers Reported in Synthesis Report        ; 100                ; 100                ;
; Clock MUX Protection                                             ; On                 ; On                 ;
; Auto Gated Clock Conversion                                      ; Off                ; Off                ;
; Block Design Naming                                              ; Auto               ; Auto               ;
; SDC constraint protection                                        ; Off                ; Off                ;
; Synthesis Effort                                                 ; Auto               ; Auto               ;
; Shift Register Replacement - Allow Asynchronous Clear Signal     ; On                 ; On                 ;
; Pre-Mapping Resynthesis Optimization                             ; Off                ; Off                ;
; Analysis & Synthesis Message Level                               ; Medium             ; Medium             ;
; Disable Register Merging Across Hierarchies                      ; Auto               ; Auto               ;
; Resource Aware Inference For Block RAM                           ; On                 ; On                 ;
+------------------------------------------------------------------+--------------------+--------------------+


+------------------------------------------+
; Parallel Compilation                     ;
+----------------------------+-------------+
; Processors                 ; Number      ;
+----------------------------+-------------+
; Number detected on machine ; 16          ;
; Maximum allowed            ; 16          ;
;                            ;             ;
; Average used               ; 1.00        ;
; Maximum used               ; 16          ;
;                            ;             ;
; Usage by Processor         ; % Time Used ;
;     Processor 1            ; 100.0%      ;
;     Processors 2-16        ;   0.0%      ;
+----------------------------+-------------+


+-------------------------------------------------------------------------------------------------------------------------------------------------------------------+
; Analysis & Synthesis Source Files Read                                                                                                                            ;
+----------------------------------+-----------------+-----------------------+----------------------------------------------------------------------------+---------+
; File Name with User-Entered Path ; Used in Netlist ; File Type             ; File Name with Absolute Path                                               ; Library ;
+----------------------------------+-----------------+-----------------------+----------------------------------------------------------------------------+---------+
; I2C_MASTER.vhd                   ; yes             ; User VHDL File        ; C:/Users/jacob/Documents/Quartus/Prosjektoppgave/I2C_MASTER/I2C_MASTER.vhd ;         ;
; dff_synk.vhd                     ; yes             ; Auto-Found VHDL File  ; C:/Users/jacob/Documents/Quartus/Prosjektoppgave/I2C_MASTER/dff_synk.vhd   ;         ;
+----------------------------------+-----------------+-----------------------+----------------------------------------------------------------------------+---------+


+---------------------------------------------------------+
; Analysis & Synthesis Resource Usage Summary             ;
+---------------------------------------------+-----------+
; Resource                                    ; Usage     ;
+---------------------------------------------+-----------+
; Estimated Total logic elements              ; 111       ;
;                                             ;           ;
; Total combinational functions               ; 92        ;
; Logic element usage by number of LUT inputs ;           ;
;     -- 4 input functions                    ; 33        ;
;     -- 3 input functions                    ; 30        ;
;     -- <=2 input functions                  ; 29        ;
;                                             ;           ;
; Logic elements by mode                      ;           ;
;     -- normal mode                          ; 72        ;
;     -- arithmetic mode                      ; 20        ;
;                                             ;           ;
; Total registers                             ; 60        ;
;     -- Dedicated logic registers            ; 60        ;
;     -- I/O registers                        ; 0         ;
;                                             ;           ;
; I/O pins                                    ; 34        ;
;                                             ;           ;
; Embedded Multiplier 9-bit elements          ; 0         ;
;                                             ;           ;
; Maximum fan-out node                        ; CLK~input ;
; Maximum fan-out                             ; 60        ;
; Total fan-out                               ; 482       ;
; Average fan-out                             ; 2.18      ;
+---------------------------------------------+-----------+


+----------------------------------------------------------------------------------------------------------------------------------------------------------------------------------------------------------------------+
; Analysis & Synthesis Resource Utilization by Entity                                                                                                                                                                  ;
+----------------------------+---------------------+---------------------------+-------------+--------------+---------+-----------+------+--------------+---------------------------------+-------------+--------------+
; Compilation Hierarchy Node ; Combinational ALUTs ; Dedicated Logic Registers ; Memory Bits ; DSP Elements ; DSP 9x9 ; DSP 18x18 ; Pins ; Virtual Pins ; Full Hierarchy Name             ; Entity Name ; Library Name ;
+----------------------------+---------------------+---------------------------+-------------+--------------+---------+-----------+------+--------------+---------------------------------+-------------+--------------+
; |I2C_MASTER                ; 92 (92)             ; 60 (58)                   ; 0           ; 0            ; 0       ; 0         ; 34   ; 0            ; |I2C_MASTER                     ; I2C_MASTER  ; work         ;
;    |dff_synk:c_dff_synk|   ; 0 (0)               ; 2 (2)                     ; 0           ; 0            ; 0       ; 0         ; 0    ; 0            ; |I2C_MASTER|dff_synk:c_dff_synk ; dff_synk    ; work         ;
+----------------------------+---------------------+---------------------------+-------------+--------------+---------+-----------+------+--------------+---------------------------------+-------------+--------------+
Note: For table entries with two numbers listed, the numbers in parentheses indicate the number of resources of the given type used by the specific entity alone. The numbers listed outside of parentheses indicate the total resources of the given type used by the specific entity and all of its sub-entities in the hierarchy.


Encoding Type:  One-Hot
+-------------------------------------------------------+
; State Machine - |I2C_MASTER|PHASE                     ;
+--------------+------------+------------+--------------+
; Name         ; PHASE.pEND ; PHASE.pMID ; PHASE.pFIRST ;
+--------------+------------+------------+--------------+
; PHASE.pFIRST ; 0          ; 0          ; 0            ;
; PHASE.pMID   ; 0          ; 1          ; 1            ;
; PHASE.pEND   ; 1          ; 0          ; 1            ;
+--------------+------------+------------+--------------+


Encoding Type:  One-Hot
+---------------------------------------------------------------------------------------------------------+
; State Machine - |I2C_MASTER|STATE                                                                       ;
+-----------------+-------------+-------------+------------+-----------------+--------------+-------------+
; Name            ; STATE.sSTOP ; STATE.sHOLD ; STATE.sACK ; STATE.sTRANSFER ; STATE.sSTART ; STATE.sIDLE ;
+-----------------+-------------+-------------+------------+-----------------+--------------+-------------+
; STATE.sIDLE     ; 0           ; 0           ; 0          ; 0               ; 0            ; 0           ;
; STATE.sSTART    ; 0           ; 0           ; 0          ; 0               ; 1            ; 1           ;
; STATE.sTRANSFER ; 0           ; 0           ; 0          ; 1               ; 0            ; 1           ;
; STATE.sACK      ; 0           ; 0           ; 1          ; 0               ; 0            ; 1           ;
; STATE.sHOLD     ; 0           ; 1           ; 0          ; 0               ; 0            ; 1           ;
; STATE.sSTOP     ; 1           ; 0           ; 0          ; 0               ; 0            ; 1           ;
+-----------------+-------------+-------------+------------+-----------------+--------------+-------------+


+--------------------------------------------------------------------------------+
; Registers Removed During Synthesis                                             ;
+---------------------------------------+----------------------------------------+
; Register name                         ; Reason for Removal                     ;
+---------------------------------------+----------------------------------------+
; IDLE~reg0                             ; Stuck at VCC due to stuck port data_in ;
; STATE.sSTOP                           ; Stuck at GND due to stuck port data_in ;
; Total Number of Removed Registers = 2 ;                                        ;
+---------------------------------------+----------------------------------------+


+------------------------------------------------------+
; General Register Statistics                          ;
+----------------------------------------------+-------+
; Statistic                                    ; Value ;
+----------------------------------------------+-------+
; Total registers                              ; 60    ;
; Number of registers using Synchronous Clear  ; 11    ;
; Number of registers using Synchronous Load   ; 0     ;
; Number of registers using Asynchronous Clear ; 0     ;
; Number of registers using Asynchronous Load  ; 0     ;
; Number of registers using Clock Enable       ; 32    ;
; Number of registers using Preset             ; 0     ;
+----------------------------------------------+-------+


+--------------------------------------------------+
; Inverted Register Statistics                     ;
+----------------------------------------+---------+
; Inverted Register                      ; Fan out ;
+----------------------------------------+---------+
; baud_limit[7]                          ; 3       ;
; baud_limit[6]                          ; 2       ;
; baud_limit[5]                          ; 2       ;
; baud_limit[4]                          ; 2       ;
; baud_limit[3]                          ; 2       ;
; baud_limit[2]                          ; 2       ;
; baud_limit[1]                          ; 2       ;
; baud_limit[0]                          ; 2       ;
; Total number of inverted registers = 8 ;         ;
+----------------------------------------+---------+


+------------------------------------------------------------------------------------------------------------------------------------------+
; Multiplexer Restructuring Statistics (Restructuring Performed)                                                                           ;
+--------------------+-----------+---------------+----------------------+------------------------+------------+----------------------------+
; Multiplexer Inputs ; Bus Width ; Baseline Area ; Area if Restructured ; Saving if Restructured ; Registered ; Example Multiplexer Output ;
+--------------------+-----------+---------------+----------------------+------------------------+------------+----------------------------+
; 3:1                ; 9 bits    ; 18 LEs        ; 0 LEs                ; 18 LEs                 ; Yes        ; |I2C_MASTER|w_byte[3]      ;
; 3:1                ; 8 bits    ; 16 LEs        ; 0 LEs                ; 16 LEs                 ; Yes        ; |I2C_MASTER|baud_limit[5]  ;
; 3:1                ; 3 bits    ; 6 LEs         ; 6 LEs                ; 0 LEs                  ; No         ; |I2C_MASTER|PHASE          ;
; 7:1                ; 3 bits    ; 12 LEs        ; 6 LEs                ; 6 LEs                  ; No         ; |I2C_MASTER|STATE          ;
+--------------------+-----------+---------------+----------------------+------------------------+------------+----------------------------+


+-----------------------------------------------------+
; Post-Synthesis Netlist Statistics for Top Partition ;
+-----------------------+-----------------------------+
; Type                  ; Count                       ;
+-----------------------+-----------------------------+
; boundary_port         ; 34                          ;
; cycloneiii_ff         ; 60                          ;
;     ENA               ; 32                          ;
;     SCLR              ; 11                          ;
;     plain             ; 17                          ;
; cycloneiii_io_obuf    ; 1                           ;
; cycloneiii_lcell_comb ; 93                          ;
;     arith             ; 20                          ;
;         2 data inputs ; 7                           ;
;         3 data inputs ; 13                          ;
;     normal            ; 73                          ;
;         0 data inputs ; 1                           ;
;         1 data inputs ; 9                           ;
;         2 data inputs ; 13                          ;
;         3 data inputs ; 17                          ;
;         4 data inputs ; 33                          ;
;                       ;                             ;
; Max LUT depth         ; 4.70                        ;
; Average LUT depth     ; 2.67                        ;
+-----------------------+-----------------------------+


+-------------------------------+
; Elapsed Time Per Partition    ;
+----------------+--------------+
; Partition Name ; Elapsed Time ;
+----------------+--------------+
; Top            ; 00:00:00     ;
+----------------+--------------+


+-------------------------------+
; Analysis & Synthesis Messages ;
+-------------------------------+
Info: *******************************************************************
Info: Running Quartus Prime Analysis & Synthesis
    Info: Version 23.1std.1 Build 993 05/14/2024 SC Lite Edition
    Info: Processing started: Wed May  7 09:57:29 2025
Info: Command: quartus_map --read_settings_files=on --write_settings_files=off I2C_MASTER -c I2C_MASTER
Warning (18236): Number of processors has not been specified which may cause overloading on shared machines.  Set the global assignment NUM_PARALLEL_PROCESSORS in your QSF to an appropriate value for best performance.
Info (20030): Parallel compilation is enabled and will use 16 of the 16 processors detected
Info (12021): Found 2 design units, including 1 entities, in source file i2c_master.vhd
    Info (12022): Found design unit 1: I2C_MASTER-RTL File: C:/Users/jacob/Documents/Quartus/Prosjektoppgave/I2C_MASTER/I2C_MASTER.vhd Line: 31
    Info (12023): Found entity 1: I2C_MASTER File: C:/Users/jacob/Documents/Quartus/Prosjektoppgave/I2C_MASTER/I2C_MASTER.vhd Line: 5
Info (12127): Elaborating entity "I2C_MASTER" for the top level hierarchy
Warning (10541): VHDL Signal Declaration warning at I2C_MASTER.vhd(39): used implicit default value for signal "stop_internal" because signal was never assigned a value or an explicit default value. Use of implicit default value may introduce unintended design optimizations. File: C:/Users/jacob/Documents/Quartus/Prosjektoppgave/I2C_MASTER/I2C_MASTER.vhd Line: 39
Warning (12125): Using design file dff_synk.vhd, which is not specified as a design file for the current project, but contains definitions for 2 design units and 1 entities in project
    Info (12022): Found design unit 1: dff_synk-comp File: C:/Users/jacob/Documents/Quartus/Prosjektoppgave/I2C_MASTER/dff_synk.vhd Line: 12
    Info (12023): Found entity 1: dff_synk File: C:/Users/jacob/Documents/Quartus/Prosjektoppgave/I2C_MASTER/dff_synk.vhd Line: 5
Info (12128): Elaborating entity "dff_synk" for hierarchy "dff_synk:c_dff_synk" File: C:/Users/jacob/Documents/Quartus/Prosjektoppgave/I2C_MASTER/I2C_MASTER.vhd Line: 279
Warning (13024): Output pins are stuck at VCC or GND
    Warning (13410): Pin "IDLE" is stuck at VCC File: C:/Users/jacob/Documents/Quartus/Prosjektoppgave/I2C_MASTER/I2C_MASTER.vhd Line: 23
Info (286030): Timing-Driven Synthesis is running
Info (16010): Generating hard_block partition "hard_block:auto_generated_inst"
    Info (16011): Adding 0 node(s), including 0 DDIO, 0 PLL, 0 transceiver and 0 LCELL
Warning (21074): Design contains 1 input pin(s) that do not drive logic
    Warning (15610): No output dependent on input pin "STOP" File: C:/Users/jacob/Documents/Quartus/Prosjektoppgave/I2C_MASTER/I2C_MASTER.vhd Line: 18
Info (21057): Implemented 146 device resources after synthesis - the final resource count might be different
    Info (21058): Implemented 21 input pins
    Info (21059): Implemented 12 output pins
    Info (21060): Implemented 1 bidirectional pins
    Info (21061): Implemented 112 logic cells
Info: Quartus Prime Analysis & Synthesis was successful. 0 errors, 7 warnings
    Info: Peak virtual memory: 4928 megabytes
    Info: Processing ended: Wed May  7 09:57:36 2025
    Info: Elapsed time: 00:00:07
    Info: Total CPU time (on all processors): 00:00:16


