14:08:23 **** Incremental Build of configuration Nios II for project WE_GO_AGAIN_AGAIN_AGAIN ****
wsl make all 
Info: Building /mnt/c/Users/jacob/Documents/Quartus/Prosjektoppgave/I2C_MCU_2/software/WE_GO_AGAIN_AGAIN_AGAIN_bsp/
make --no-print-directory -C /mnt/c/Users/jacob/Documents/Quartus/Prosjektoppgave/I2C_MCU_2/software/WE_GO_AGAIN_AGAIN_AGAIN_bsp/
[BSP build complete]
Info: Compiling hello_world.c to obj/default/hello_world.o
nios2-elf-gcc.exe -xc -MP -MMD -c -Ic:/Users/jacob/Documents/Quartus/Prosjektoppgave/I2C_MCU_2/software/WE_GO_AGAIN_AGAIN_AGAIN_bsp//HAL/inc -Ic:/Users/jacob/Documents/Quartus/Prosjektoppgave/I2C_MCU_2/software/WE_GO_AGAIN_AGAIN_AGAIN_bsp/ -Ic:/Users/jacob/Documents/Quartus/Prosjektoppgave/I2C_MCU_2/software/WE_GO_AGAIN_AGAIN_AGAIN_bsp//drivers/inc -pipe -D__hal__ -DALT_NO_INSTRUCTION_EMULATION -DALT_SINGLE_THREADED    -O0 -g -Wall  -mno-hw-div -mno-hw-div -mno-hw-mul -mno-hw-mulx -mgpopt=global  -o "obj/default/hello_world.o" "hello_world.c"
hello_world.c: In function 'main':
hello_world.c:65:18: warning: unused variable 'pass_amnt' [-Wunused-variable]
   65 |     unsigned int pass_amnt = 0;
      |                  ^~~~~~~~~
hello_world.c:98:12: warning: 'old_sek' is used uninitialized [-Wuninitialized]
   98 |         if (sek != old_sek) // If seconds are the same, skip
      |            ^
hello_world.c:67:10: note: 'old_sek' was declared here
   67 |     byte old_sek, sek, min, timer, temp_high, temp_low, year, month, date, weekday;
      |          ^~~~~~~
Info: Linking WE_GO_AGAIN_AGAIN_AGAIN.elf
nios2-elf-g++.exe -T'c:/Users/jacob/Documents/Quartus/Prosjektoppgave/I2C_MCU_2/software/WE_GO_AGAIN_AGAIN_AGAIN_bsp//linker.x' -msys-crt0='c:/Users/jacob/Documents/Quartus/Prosjektoppgave/I2C_MCU_2/software/WE_GO_AGAIN_AGAIN_AGAIN_bsp//obj/HAL/src/crt0.o' -msys-lib=hal_bsp -Lc:/Users/jacob/Documents/Quartus/Prosjektoppgave/I2C_MCU_2/software/WE_GO_AGAIN_AGAIN_AGAIN_bsp/   -Wl,-Map=WE_GO_AGAIN_AGAIN_AGAIN.map   -O0 -g -Wall  -mno-hw-div -mno-hw-div -mno-hw-mul -mno-hw-mulx -mgpopt=global  -o WE_GO_AGAIN_AGAIN_AGAIN.elf obj/default/hello_world.o -lm -msys-lib=m
nios2-elf-insert.exe WE_GO_AGAIN_AGAIN_AGAIN.elf --thread_model hal --cpu_name nios --qsys true --simulation_enabled false --stderr_dev jtag --stdin_dev jtag --stdout_dev jtag --sopc_system_name my_MCU --quartus_project_dir "c:/Users/jacob/Documents/Quartus/Prosjektoppgave/I2C_MCU_2" --jdi ../..//output_files/I2C_MCU_2.jdi --sopcinfo c:/Users/jacob/Documents/Quartus/Prosjektoppgave/I2C_MCU_2/my_MCU.sopcinfo
Info: (WE_GO_AGAIN_AGAIN_AGAIN.elf) 74 KBytes program size (code + initialized data).
Info:                               175 KBytes free for stack + heap.
Info: Creating WE_GO_AGAIN_AGAIN_AGAIN.objdump
nios2-elf-objdump.exe --disassemble --syms --all-header --source WE_GO_AGAIN_AGAIN_AGAIN.elf >WE_GO_AGAIN_AGAIN_AGAIN.objdump
[WE_GO_AGAIN_AGAIN_AGAIN build complete]

14:08:26 Build Finished (took 3s.261ms)

